TN:
SF:apps/api/src/a.ts
FN:2,(anonymous_0)
FN:6,(anonymous_1)
FN:9,(anonymous_2)
FN:13,(anonymous_3)
FN:15,(anonymous_4)
FN:18,(anonymous_5)
FN:24,(anonymous_6)
FN:31,(anonymous_7)
FN:34,(anonymous_8)
FN:54,(anonymous_9)
FN:60,(anonymous_10)
FN:66,(anonymous_11)
FN:92,(anonymous_12)
FN:100,(anonymous_13)
FN:159,(anonymous_14)
FN:165,(anonymous_15)
FN:174,(anonymous_16)
FN:177,(anonymous_17)
FN:192,(anonymous_18)
FN:204,(anonymous_19)
FN:217,(anonymous_20)
FN:230,(anonymous_21)
FN:245,(anonymous_22)
FN:259,(anonymous_23)
FN:262,(anonymous_24)
FNF:25
FNH:17
FNDA:343,(anonymous_0)
FNDA:765,(anonymous_1)
FNDA:0,(anonymous_2)
FNDA:2,(anonymous_3)
FNDA:0,(anonymous_4)
FNDA:1,(anonymous_5)
FNDA:2,(anonymous_6)
FNDA:1,(anonymous_7)
FNDA:3,(anonymous_8)
FNDA:1,(anonymous_9)
FNDA:93,(anonymous_10)
FNDA:279,(anonymous_11)
FNDA:93,(anonymous_12)
FNDA:93,(anonymous_13)
FNDA:8,(anonymous_14)
FNDA:0,(anonymous_15)
FNDA:0,(anonymous_16)
FNDA:0,(anonymous_17)
FNDA:0,(anonymous_18)
FNDA:0,(anonymous_19)
FNDA:2,(anonymous_20)
FNDA:0,(anonymous_21)
FNDA:64,(anonymous_22)
FNDA:19,(anonymous_23)
FNDA:93,(anonymous_24)
DA:2,1
DA:3,343
DA:4,343
DA:5,343
DA:6,765
DA:8,343
DA:10,0
DA:11,0
DA:13,1
DA:14,2
DA:16,0
DA:18,1
DA:19,1
DA:20,1
DA:21,0
DA:22,1
DA:24,1
DA:25,2
DA:26,2
DA:27,343
DA:28,2
DA:29,2
DA:31,1
DA:32,1
DA:34,1
DA:35,3
DA:38,1
DA:39,1
DA:40,1
DA:41,1
DA:42,1
DA:43,1
DA:44,1
DA:45,1
DA:46,1
DA:47,1
DA:48,1
DA:49,1
DA:50,1
DA:51,1
DA:52,1
DA:53,1
DA:55,1
DA:56,1
DA:57,1
DA:58,1
DA:61,93
DA:62,93
DA:63,0
DA:65,93
DA:66,93
DA:67,279
DA:69,93
DA:70,93
DA:72,0
DA:73,0
DA:76,0
DA:79,93
DA:80,73
DA:82,93
DA:85,0
DA:87,0
DA:89,0
DA:93,93
DA:98,93
DA:101,93
DA:102,93
DA:103,93
DA:109,93
DA:110,93
DA:116,91
DA:122,93
DA:123,1
DA:127,1
DA:128,1
DA:130,1
DA:132,0
DA:133,0
DA:136,1
DA:137,1
DA:139,1
DA:140,1
DA:142,92
DA:145,1
DA:147,0
DA:148,0
DA:149,0
DA:152,0
DA:156,1
DA:160,8
DA:166,0
DA:167,0
DA:169,0
DA:175,0
DA:178,0
DA:179,0
DA:180,0
DA:182,0
DA:183,0
DA:184,0
DA:186,0
DA:193,0
DA:194,0
DA:195,0
DA:197,0
DA:205,0
DA:210,0
DA:211,0
DA:212,0
DA:213,0
DA:215,0
DA:218,2
DA:223,2
DA:224,2
DA:225,2
DA:226,2
DA:228,2
DA:233,0
DA:235,0
DA:236,0
DA:237,0
DA:238,0
DA:240,0
DA:241,0
DA:243,0
DA:247,64
DA:248,64
DA:249,64
DA:250,64
DA:251,64
DA:252,0
DA:255,64
DA:257,64
DA:260,19
DA:263,93
DA:264,0
DA:266,93
DA:272,93
DA:275,0
DA:277,93
DA:278,19
DA:279,19
DA:280,0
DA:283,93
DA:284,93
DA:285,93
DA:286,93
DA:287,93
DA:292,92
DA:293,92
DA:302,92
DA:305,1
DA:309,1
DA:313,1
LF:154
LH:104
BRDA:2,0,0,1
BRDA:2,0,1,1
BRDA:2,0,2,1
BRDA:2,1,0,1
BRDA:2,1,1,0
BRDA:3,2,0,343
BRDA:3,2,1,0
BRDA:5,3,0,343
BRDA:5,3,1,0
BRDA:5,4,0,343
BRDA:5,4,1,343
BRDA:5,5,0,0
BRDA:5,5,1,343
BRDA:5,6,0,343
BRDA:5,6,1,0
BRDA:10,7,0,0
BRDA:10,7,1,0
BRDA:13,8,0,1
BRDA:13,8,1,1
BRDA:13,8,2,1
BRDA:13,9,0,1
BRDA:13,9,1,0
BRDA:18,10,0,1
BRDA:18,10,1,1
BRDA:18,10,2,1
BRDA:19,11,0,1
BRDA:19,11,1,0
BRDA:19,12,0,0
BRDA:19,12,1,0
BRDA:20,13,0,1
BRDA:20,13,1,0
BRDA:20,14,0,1
BRDA:20,14,1,1
BRDA:21,15,0,0
BRDA:21,15,1,0
BRDA:21,16,0,0
BRDA:21,16,1,0
BRDA:21,17,0,0
BRDA:21,17,1,0
BRDA:21,18,0,0
BRDA:21,18,1,0
BRDA:22,19,0,1
BRDA:22,19,1,0
BRDA:22,19,2,0
BRDA:24,20,0,1
BRDA:24,20,1,1
BRDA:24,20,2,1
BRDA:25,21,0,0
BRDA:25,21,1,2
BRDA:25,22,0,2
BRDA:25,22,1,2
BRDA:27,23,0,2
BRDA:27,23,1,0
BRDA:27,24,0,343
BRDA:27,24,1,0
BRDA:27,25,0,343
BRDA:27,25,1,343
BRDA:31,26,0,1
BRDA:31,26,1,1
BRDA:31,26,2,1
BRDA:32,27,0,1
BRDA:32,27,1,0
BRDA:32,28,0,1
BRDA:32,28,1,1
BRDA:34,29,0,1
BRDA:34,29,1,1
BRDA:34,29,2,1
BRDA:35,30,0,3
BRDA:35,30,1,0
BRDA:35,31,0,3
BRDA:35,31,1,3
BRDA:61,32,0,93
BRDA:61,32,1,93
BRDA:62,33,0,0
BRDA:62,33,1,93
BRDA:69,34,0,93
BRDA:69,34,1,0
BRDA:72,35,0,0
BRDA:72,35,1,0
BRDA:79,36,0,73
BRDA:79,36,1,20
BRDA:85,37,0,0
BRDA:100,38,0,0
BRDA:110,39,0,91
BRDA:110,39,1,2
BRDA:110,40,0,93
BRDA:110,40,1,92
BRDA:110,40,2,92
BRDA:110,40,3,92
BRDA:110,40,4,92
BRDA:110,40,5,91
BRDA:122,41,0,1
BRDA:122,41,1,92
BRDA:122,42,0,93
BRDA:122,42,1,92
BRDA:128,43,0,1
BRDA:128,43,1,0
BRDA:130,44,0,0
BRDA:130,44,1,1
BRDA:142,45,0,92
BRDA:142,45,1,1
BRDA:145,46,0,0
BRDA:148,47,0,0
BRDA:148,47,1,0
BRDA:166,48,0,0
BRDA:166,48,1,0
BRDA:179,49,0,0
BRDA:179,49,1,0
BRDA:183,50,0,0
BRDA:183,50,1,0
BRDA:194,51,0,0
BRDA:194,51,1,0
BRDA:211,52,0,0
BRDA:211,52,1,0
BRDA:212,53,0,0
BRDA:212,53,1,0
BRDA:224,54,0,2
BRDA:224,54,1,2
BRDA:224,54,2,2
BRDA:225,55,0,2
BRDA:225,55,1,0
BRDA:236,56,0,0
BRDA:236,56,1,0
BRDA:236,57,0,0
BRDA:236,57,1,0
BRDA:240,58,0,0
BRDA:240,58,1,0
BRDA:240,59,0,0
BRDA:240,59,1,0
BRDA:251,60,0,0
BRDA:251,60,1,64
BRDA:251,61,0,64
BRDA:251,61,1,64
BRDA:262,62,0,19
BRDA:262,63,0,27
BRDA:263,64,0,0
BRDA:263,64,1,93
BRDA:272,65,0,0
BRDA:272,65,1,93
BRDA:272,66,0,93
BRDA:272,66,1,93
BRDA:277,67,0,19
BRDA:277,67,1,74
BRDA:279,68,0,0
BRDA:279,68,1,19
BRDA:283,69,0,93
BRDA:283,69,1,93
BRDA:284,70,0,93
BRDA:284,70,1,27
BRDA:292,71,0,92
BRDA:292,71,1,0
BRDA:296,72,0,92
BRDA:296,72,1,72
BRDA:311,73,0,1
BRDA:311,73,1,0
BRDA:311,74,0,1
BRDA:311,74,1,1
BRDA:311,75,0,1
BRDA:311,75,1,0
BRDA:311,76,0,1
BRDA:311,76,1,1
BRDA:311,77,0,1
BRDA:311,77,1,0
BRDA:311,78,0,1
BRDA:311,78,1,1
BRF:165
BRH:98
end_of_record
TN:
SF:apps/api/src/b.ts
FN:2,(anonymous_0)
FN:6,(anonymous_1)
FN:9,(anonymous_2)
FN:13,(anonymous_3)
FN:15,(anonymous_4)
FN:18,(anonymous_5)
FN:32,(anonymous_6)
FN:40,(anonymous_7)
FN:52,(anonymous_8)
FN:98,(anonymous_9)
FN:118,(anonymous_10)
FN:124,(anonymous_11)
FN:125,(anonymous_12)
FNF:13
FNH:5
FNDA:390,(anonymous_0)
FNDA:1,(anonymous_1)
FNDA:0,(anonymous_2)
FNDA:1,(anonymous_3)
FNDA:0,(anonymous_4)
FNDA:1,(anonymous_5)
FNDA:1,(anonymous_6)
FNDA:0,(anonymous_7)
FNDA:0,(anonymous_8)
FNDA:0,(anonymous_9)
FNDA:0,(anonymous_10)
FNDA:0,(anonymous_11)
FNDA:0,(anonymous_12)
DA:2,1
DA:3,390
DA:4,390
DA:5,390
DA:6,390
DA:8,390
DA:10,0
DA:11,0
DA:13,1
DA:14,1
DA:16,0
DA:18,1
DA:19,1
DA:20,1
DA:21,390
DA:22,1
DA:23,1
DA:25,1
DA:26,1
DA:27,1
DA:28,1
DA:29,1
DA:30,1
DA:33,1
DA:38,1
DA:41,0
DA:43,0
DA:44,0
DA:46,0
DA:48,0
DA:49,0
DA:54,0
DA:55,0
DA:56,0
DA:57,0
DA:59,0
DA:60,0
DA:62,0
DA:78,0
DA:79,0
DA:80,0
DA:82,0
DA:83,0
DA:86,0
DA:87,0
DA:89,0
DA:90,0
DA:91,0
DA:92,0
DA:93,0
DA:95,0
DA:100,0
DA:101,0
DA:102,0
DA:104,0
DA:106,0
DA:107,0
DA:110,0
DA:111,0
DA:112,0
DA:115,0
DA:119,0
DA:120,0
DA:125,0
DA:127,0
DA:128,0
DA:130,0
DA:132,0
DA:134,0
DA:136,0
DA:140,0
DA:145,1
LF:72
LH:23
BRDA:2,0,0,1
BRDA:2,0,1,1
BRDA:2,0,2,1
BRDA:2,1,0,1
BRDA:2,1,1,0
BRDA:3,2,0,390
BRDA:3,2,1,0
BRDA:5,3,0,390
BRDA:5,3,1,0
BRDA:5,4,0,390
BRDA:5,4,1,390
BRDA:5,5,0,1
BRDA:5,5,1,389
BRDA:5,6,0,389
BRDA:5,6,1,0
BRDA:10,7,0,0
BRDA:10,7,1,0
BRDA:13,8,0,1
BRDA:13,8,1,1
BRDA:13,8,2,1
BRDA:13,9,0,1
BRDA:13,9,1,0
BRDA:18,10,0,1
BRDA:18,10,1,1
BRDA:18,10,2,1
BRDA:19,11,0,0
BRDA:19,11,1,1
BRDA:19,12,0,1
BRDA:19,12,1,1
BRDA:21,13,0,1
BRDA:21,13,1,0
BRDA:21,14,0,390
BRDA:21,14,1,0
BRDA:21,15,0,390
BRDA:21,15,1,390
BRDA:41,16,0,0
BRDA:41,16,1,0
BRDA:43,17,0,0
BRDA:43,17,1,0
BRDA:43,18,0,0
BRDA:43,18,1,0
BRDA:46,19,0,0
BRDA:46,19,1,0
BRDA:48,20,0,0
BRDA:48,20,1,0
BRDA:48,21,0,0
BRDA:48,21,1,0
BRDA:54,22,0,0
BRDA:54,22,1,0
BRDA:56,23,0,0
BRDA:56,23,1,0
BRDA:59,24,0,0
BRDA:59,24,1,0
BRDA:64,25,0,0
BRDA:64,25,1,0
BRDA:68,26,0,0
BRDA:68,26,1,0
BRDA:68,26,2,0
BRDA:69,27,0,0
BRDA:69,27,1,0
BRDA:72,28,0,0
BRDA:72,28,1,0
BRDA:78,29,0,0
BRDA:78,29,1,0
BRDA:79,30,0,0
BRDA:79,30,1,0
BRDA:82,31,0,0
BRDA:82,31,1,0
BRDA:86,32,0,0
BRDA:86,32,1,0
BRDA:90,33,0,0
BRDA:90,33,1,0
BRDA:106,34,0,0
BRDA:106,34,1,0
BRDA:106,35,0,0
BRDA:106,35,1,0
BRDA:111,36,0,0
BRDA:111,36,1,0
BRDA:119,37,0,0
BRDA:119,37,1,0
BRDA:127,38,0,0
BRDA:127,38,1,0
BRDA:127,39,0,0
BRDA:127,39,1,0
BRDA:130,40,0,0
BRDA:130,40,1,0
BRDA:134,41,0,0
BRDA:134,41,1,0
BRF:88
BRH:25
end_of_record
TN:
SF:apps/api/src/c.ts
FN:2,(anonymous_0)
FN:6,(anonymous_1)
FN:9,(anonymous_2)
FN:13,(anonymous_3)
FN:15,(anonymous_4)
FN:18,(anonymous_5)
FN:24,(anonymous_6)
FN:31,(anonymous_7)
FN:42,(anonymous_8)
FN:45,(anonymous_9)
FNF:10
FNH:7
FNDA:35,(anonymous_0)
FNDA:0,(anonymous_1)
FNDA:0,(anonymous_2)
FNDA:1,(anonymous_3)
FNDA:0,(anonymous_4)
FNDA:1,(anonymous_5)
FNDA:1,(anonymous_6)
FNDA:1,(anonymous_7)
FNDA:1,(anonymous_8)
FNDA:8,(anonymous_9)
DA:2,1
DA:3,35
DA:4,35
DA:5,35
DA:6,35
DA:8,35
DA:10,0
DA:11,0
DA:13,1
DA:14,1
DA:16,0
DA:18,1
DA:19,1
DA:20,1
DA:21,0
DA:22,1
DA:24,1
DA:25,1
DA:26,1
DA:27,35
DA:28,1
DA:29,1
DA:31,1
DA:32,1
DA:35,1
DA:36,1
DA:37,1
DA:38,1
DA:39,1
DA:40,1
DA:41,1
DA:43,1
DA:46,8
DA:47,8
DA:48,0
DA:50,8
DA:51,8
DA:54,8
DA:55,0
DA:57,8
DA:60,1
DA:64,1
LF:42
LH:36
BRDA:2,0,0,1
BRDA:2,0,1,1
BRDA:2,0,2,1
BRDA:2,1,0,1
BRDA:2,1,1,0
BRDA:3,2,0,35
BRDA:3,2,1,0
BRDA:5,3,0,35
BRDA:5,3,1,0
BRDA:5,4,0,35
BRDA:5,4,1,35
BRDA:5,5,0,0
BRDA:5,5,1,35
BRDA:5,6,0,35
BRDA:5,6,1,0
BRDA:10,7,0,0
BRDA:10,7,1,0
BRDA:13,8,0,1
BRDA:13,8,1,1
BRDA:13,8,2,1
BRDA:13,9,0,1
BRDA:13,9,1,0
BRDA:18,10,0,1
BRDA:18,10,1,1
BRDA:18,10,2,1
BRDA:19,11,0,1
BRDA:19,11,1,0
BRDA:19,12,0,0
BRDA:19,12,1,0
BRDA:20,13,0,1
BRDA:20,13,1,0
BRDA:20,14,0,1
BRDA:20,14,1,1
BRDA:21,15,0,0
BRDA:21,15,1,0
BRDA:21,16,0,0
BRDA:21,16,1,0
BRDA:21,17,0,0
BRDA:21,17,1,0
BRDA:21,18,0,0
BRDA:21,18,1,0
BRDA:22,19,0,1
BRDA:22,19,1,0
BRDA:22,19,2,0
BRDA:24,20,0,1
BRDA:24,20,1,1
BRDA:24,20,2,1
BRDA:25,21,0,0
BRDA:25,21,1,1
BRDA:25,22,0,1
BRDA:25,22,1,1
BRDA:27,23,0,1
BRDA:27,23,1,0
BRDA:27,24,0,35
BRDA:27,24,1,0
BRDA:27,25,0,35
BRDA:27,25,1,35
BRDA:31,26,0,1
BRDA:31,26,1,1
BRDA:31,26,2,1
BRDA:32,27,0,1
BRDA:32,27,1,0
BRDA:32,28,0,1
BRDA:32,28,1,1
BRDA:47,29,0,0
BRDA:47,29,1,8
BRDA:54,30,0,0
BRDA:54,30,1,8
BRDA:62,31,0,1
BRDA:62,31,1,0
BRDA:62,32,0,1
BRDA:62,32,1,1
BRF:72
BRH:43
end_of_record